{
  "stats": {
    "suites": 22,
    "tests": 31,
    "passes": 29,
    "pending": 2,
    "failures": 0,
    "testsRegistered": 31,
    "passPercent": 93.54838709677419,
    "pendingPercent": 6.451612903225806,
    "other": 0,
    "hasOther": false,
    "skipped": 0,
    "hasSkipped": false,
    "start": "2023-07-26T17:56:40.518Z",
    "end": "2023-07-26T17:58:46.260Z",
    "duration": 125742
  },
  "results": [
    {
      "uuid": "06cef2ee-3585-4154-a9cd-c0f6762dbf44",
      "title": "",
      "fullFile": "cypress\\e2e\\automation-test-store\\alias-invoke.js",
      "file": "cypress\\e2e\\automation-test-store\\alias-invoke.js",
      "beforeHooks": [],
      "afterHooks": [],
      "tests": [],
      "suites": [
        {
          "uuid": "cf9dc95f-0838-46cb-a05c-0bac01f641f3",
          "title": "Alias and invoke",
          "fullFile": "",
          "file": "",
          "beforeHooks": [],
          "afterHooks": [],
          "tests": [
            {
              "title": "Calculate total of normal and sell products",
              "fullTitle": "Alias and invoke Calculate total of normal and sell products",
              "timedOut": null,
              "duration": 1408,
              "state": "passed",
              "speed": "fast",
              "pass": true,
              "fail": false,
              "pending": false,
              "context": null,
              "code": "cy.visit('https://automationteststore.com/');\ncy.get('.thumbnail').as('productThumbnail');\n// cy.get('@productThumbnail').find('.oneprice').each(($el, index, $list) => {\n// if ($el.text().includes('Curls to straight Shampoo')) {\n//     cy.wrap($el).click();\n// }\n//cy.log($el.text());\n//  })\ncy.get('.thumbnail').find('.oneprice').invoke('text').as('itemPrice');\ncy.get('.thumbnail').find('.pricenew').invoke('text').as('saleItemPrice');\nvar itemsTotal = 0;\ncy.get('@itemPrice').then($linkPrice => {\n  var itemsPriceTotal = 0;\n  var itemPrice = $linkPrice.split('$');\n  var i; //index\n  for (i = 0; i < itemPrice.length; i++) {\n    //iteracija sve dok ima elemenata u array-u\n    //index krece od nule, a length od 1\n    cy.log(itemPrice[i]);\n    itemsPriceTotal += Number(itemPrice[i]);\n    cy.log(itemsPriceTotal);\n  }\n  cy.log('This is final score: ' + itemsPriceTotal);\n  itemsTotal += itemsPriceTotal;\n  cy.log('Non sale price items total: ' + itemsTotal);\n});\ncy.get('@saleItemPrice').then($linkPrice => {\n  var saleItemsPrice = 0;\n  var saleItemPrice = $linkPrice.split('$');\n  var i;\n  for (i = 0; i < saleItemPrice.length; i++) {\n    cy.log(saleItemPrice[i]);\n    saleItemsPrice += Number(saleItemPrice[i]);\n  }\n  itemsTotal += saleItemsPrice;\n  cy.log('Sale price items total: ' + saleItemsPrice);\n  cy.log('This is a total price for all items: ' + itemsTotal);\n}).then(() => {\n  cy.log('Ukupna cena svih proizvoda je: ' + itemsTotal);\n  expect(itemsTotal).to.eq(660.5);\n});",
              "err": {},
              "uuid": "a5d4b09a-ce55-41ef-a349-20b8d1da4df8",
              "parentUUID": "cf9dc95f-0838-46cb-a05c-0bac01f641f3",
              "isHook": false,
              "skipped": false
            }
          ],
          "suites": [],
          "passes": [
            "a5d4b09a-ce55-41ef-a349-20b8d1da4df8"
          ],
          "failures": [],
          "pending": [],
          "skipped": [],
          "duration": 1408,
          "root": false,
          "rootEmpty": false,
          "_timeout": 2000
        }
      ],
      "passes": [],
      "failures": [],
      "pending": [],
      "skipped": [],
      "duration": 0,
      "root": true,
      "rootEmpty": true,
      "_timeout": 2000
    },
    {
      "uuid": "d9aa2682-9afd-4e1a-971a-a0efdd568a7b",
      "title": "",
      "fullFile": "cypress\\e2e\\automation-test-store\\contact-us.js",
      "file": "cypress\\e2e\\automation-test-store\\contact-us.js",
      "beforeHooks": [],
      "afterHooks": [],
      "tests": [],
      "suites": [
        {
          "uuid": "ddc96f2f-805c-4179-a525-f3db9f6d3408",
          "title": "Test Contact Us form via Automation Test Store",
          "fullFile": "",
          "file": "",
          "beforeHooks": [],
          "afterHooks": [],
          "tests": [
            {
              "title": "Should be able to submit a successfull submission via contact us form",
              "fullTitle": "Test Contact Us form via Automation Test Store Should be able to submit a successfull submission via contact us form",
              "timedOut": null,
              "duration": 3537,
              "state": "passed",
              "speed": "fast",
              "pass": true,
              "fail": false,
              "pending": false,
              "context": null,
              "code": "cy.visit(\"https://automationteststore.com/\");\n//cy.get(\".info_links_footer > :nth-child(5) > a\").click();\ncy.get(\"a[href$='contact']\").click().then(function (textOdButtona) {\n  console.log(\"Ovo je text od buttona \" + textOdButtona.text());\n  cy.log(\"Ovo je text od buttona \" + textOdButtona.text());\n});\ncy.get('@user').then(user => {\n  cy.get(\"#ContactUsFrm_first_name\").type(user.first_name);\n  cy.get(\"#ContactUsFrm_email\").type(user.email);\n});\ncy.get(\"#ContactUsFrm_email\").should('have.attr', 'name', 'email');\ncy.get(\"#ContactUsFrm_enquiry\").type(\"Hello World!\");\ncy.get(\"button[title='Submit']\").click();\ncy.get('.mb40 > :nth-child(3)').should('have.text', 'Your enquiry has been successfully sent to the store owner!');\ncy.log('Hello there!');",
              "err": {},
              "uuid": "ac1310c2-eb4c-4b56-900d-7870671a0883",
              "parentUUID": "ddc96f2f-805c-4179-a525-f3db9f6d3408",
              "isHook": false,
              "skipped": false
            }
          ],
          "suites": [],
          "passes": [
            "ac1310c2-eb4c-4b56-900d-7870671a0883"
          ],
          "failures": [],
          "pending": [],
          "skipped": [],
          "duration": 3537,
          "root": false,
          "rootEmpty": false,
          "_timeout": 2000
        }
      ],
      "passes": [],
      "failures": [],
      "pending": [],
      "skipped": [],
      "duration": 0,
      "root": true,
      "rootEmpty": true,
      "_timeout": 2000
    },
    {
      "uuid": "78627b57-53c9-459f-a038-74778697aaef",
      "title": "",
      "fullFile": "cypress\\e2e\\automation-test-store\\inspect-item.js",
      "file": "cypress\\e2e\\automation-test-store\\inspect-item.js",
      "beforeHooks": [],
      "afterHooks": [],
      "tests": [],
      "suites": [
        {
          "uuid": "7eb77086-04c8-4784-b469-2758a21dc5c3",
          "title": "Inspect Automation Test Store items using chain of commands",
          "fullFile": "",
          "file": "",
          "beforeHooks": [],
          "afterHooks": [],
          "tests": [
            {
              "title": "Click on the first item using item text",
              "fullTitle": "Inspect Automation Test Store items using chain of commands Click on the first item using item text",
              "timedOut": null,
              "duration": 1844,
              "state": "passed",
              "speed": "fast",
              "pass": true,
              "fail": false,
              "pending": false,
              "context": null,
              "code": "cy.visit(\"https://automationteststore.com/\");\ncy.get('.prdocutname').contains('Skinsheen Bronzer Stick').click().then(function (itemHeaderText) {\n  console.log(\"Selected the following item \" + itemHeaderText.text());\n});",
              "err": {},
              "uuid": "49f7be0c-c677-4986-850d-9fda459ec62d",
              "parentUUID": "7eb77086-04c8-4784-b469-2758a21dc5c3",
              "isHook": false,
              "skipped": false
            }
          ],
          "suites": [],
          "passes": [
            "49f7be0c-c677-4986-850d-9fda459ec62d"
          ],
          "failures": [],
          "pending": [],
          "skipped": [],
          "duration": 1844,
          "root": false,
          "rootEmpty": false,
          "_timeout": 2000
        }
      ],
      "passes": [],
      "failures": [],
      "pending": [],
      "skipped": [],
      "duration": 0,
      "root": true,
      "rootEmpty": true,
      "_timeout": 2000
    },
    {
      "uuid": "bd30ba2f-2bda-4ea1-a2f7-115a8c3beb07",
      "title": "",
      "fullFile": "cypress\\e2e\\automation-test-store\\iterate-over-elements.js",
      "file": "cypress\\e2e\\automation-test-store\\iterate-over-elements.js",
      "beforeHooks": [],
      "afterHooks": [],
      "tests": [],
      "suites": [
        {
          "uuid": "e9909cb4-5567-4b9f-b807-091abdd53a46",
          "title": "Iterate over elements",
          "fullFile": "",
          "file": "",
          "beforeHooks": [],
          "afterHooks": [],
          "tests": [
            {
              "title": "Add another specific product to basket - challenge",
              "fullTitle": "Iterate over elements Add another specific product to basket - challenge",
              "timedOut": null,
              "duration": 7018,
              "state": "passed",
              "speed": "medium",
              "pass": true,
              "fail": false,
              "pending": false,
              "context": null,
              "code": "cy.selectProduct('Eau Parfumee au The Vert Shampoo');",
              "err": {},
              "uuid": "0455a7c0-1b08-4fe4-aad0-245147176afb",
              "parentUUID": "e9909cb4-5567-4b9f-b807-091abdd53a46",
              "isHook": false,
              "skipped": false
            }
          ],
          "suites": [],
          "passes": [
            "0455a7c0-1b08-4fe4-aad0-245147176afb"
          ],
          "failures": [],
          "pending": [],
          "skipped": [],
          "duration": 7018,
          "root": false,
          "rootEmpty": false,
          "_timeout": 2000
        }
      ],
      "passes": [],
      "failures": [],
      "pending": [],
      "skipped": [],
      "duration": 0,
      "root": true,
      "rootEmpty": true,
      "_timeout": 2000
    },
    {
      "uuid": "ea7d9c2c-7995-445a-9f90-3daf816f15f0",
      "title": "",
      "fullFile": "cypress\\e2e\\automation-test-store\\variables-and-cy-commands.js",
      "file": "cypress\\e2e\\automation-test-store\\variables-and-cy-commands.js",
      "beforeHooks": [],
      "afterHooks": [],
      "tests": [],
      "suites": [
        {
          "uuid": "c4078224-7ccc-426f-8b7f-9a46425e10dc",
          "title": "Varyfing variables, cypress commands and jquery commands",
          "fullFile": "",
          "file": "",
          "beforeHooks": [],
          "afterHooks": [],
          "tests": [
            {
              "title": "Validate properties of the Contact Us page",
              "fullTitle": "Varyfing variables, cypress commands and jquery commands Validate properties of the Contact Us page",
              "timedOut": null,
              "duration": 1732,
              "state": "passed",
              "speed": "fast",
              "pass": true,
              "fail": false,
              "pending": false,
              "context": null,
              "code": "cy.visit('https://automationteststore.com/index.php?rt=content/contact');\n//Uses cypress commands and chaining\ncy.contains('#ContactUsFrm', 'Contact Us Form').find('#field_11').should('contain', 'First name');\n//JQuery Approach\ncy.contains('#ContactUsFrm', 'Contact Us Form').then(text => {\n  const firstNameText = text.find('#field_11').text();\n  expect(firstNameText).to.contain('First name');\n  //Embedded Commands (Closure)\n  cy.get('#field_11').then(fnText => {\n    cy.log(fnText.text());\n    cy.log(fnText);\n  });\n});",
              "err": {},
              "uuid": "39afa250-56c9-48c8-96ea-071714c69deb",
              "parentUUID": "c4078224-7ccc-426f-8b7f-9a46425e10dc",
              "isHook": false,
              "skipped": false
            }
          ],
          "suites": [],
          "passes": [
            "39afa250-56c9-48c8-96ea-071714c69deb"
          ],
          "failures": [],
          "pending": [],
          "skipped": [],
          "duration": 1732,
          "root": false,
          "rootEmpty": false,
          "_timeout": 2000
        }
      ],
      "passes": [],
      "failures": [],
      "pending": [],
      "skipped": [],
      "duration": 0,
      "root": true,
      "rootEmpty": true,
      "_timeout": 2000
    },
    {
      "uuid": "1f50c7d2-493d-4dc9-b91a-74e1a0aac9ad",
      "title": "",
      "fullFile": "cypress\\e2e\\other\\hooks.js",
      "file": "cypress\\e2e\\other\\hooks.js",
      "beforeHooks": [],
      "afterHooks": [],
      "tests": [],
      "suites": [
        {
          "uuid": "913bce9f-00ec-49e8-b541-0b0a3f4fdc9f",
          "title": "hooks",
          "fullFile": "",
          "file": "",
          "beforeHooks": [],
          "afterHooks": [],
          "tests": [
            {
              "title": "Example test1",
              "fullTitle": "hooks Example test1",
              "timedOut": null,
              "duration": 17,
              "state": "passed",
              "speed": "fast",
              "pass": true,
              "fail": false,
              "pending": false,
              "context": null,
              "code": "cy.log(\"This is example test1\");",
              "err": {},
              "uuid": "63009900-927f-4dc0-8ab0-f15b5773920c",
              "parentUUID": "913bce9f-00ec-49e8-b541-0b0a3f4fdc9f",
              "isHook": false,
              "skipped": false
            },
            {
              "title": "Example test2",
              "fullTitle": "hooks Example test2",
              "timedOut": null,
              "duration": 9,
              "state": "passed",
              "speed": "fast",
              "pass": true,
              "fail": false,
              "pending": false,
              "context": null,
              "code": "cy.log(\"This is example test2\");",
              "err": {},
              "uuid": "a30c00f1-522f-4fa7-a2e0-ba0bf2304ae1",
              "parentUUID": "913bce9f-00ec-49e8-b541-0b0a3f4fdc9f",
              "isHook": false,
              "skipped": false
            }
          ],
          "suites": [],
          "passes": [
            "63009900-927f-4dc0-8ab0-f15b5773920c",
            "a30c00f1-522f-4fa7-a2e0-ba0bf2304ae1"
          ],
          "failures": [],
          "pending": [],
          "skipped": [],
          "duration": 26,
          "root": false,
          "rootEmpty": false,
          "_timeout": 2000
        }
      ],
      "passes": [],
      "failures": [],
      "pending": [],
      "skipped": [],
      "duration": 0,
      "root": true,
      "rootEmpty": true,
      "_timeout": 2000
    },
    {
      "uuid": "5293292f-081f-4e4a-bddb-1889d89be326",
      "title": "",
      "fullFile": "cypress\\e2e\\other\\same-origin-policy.js",
      "file": "cypress\\e2e\\other\\same-origin-policy.js",
      "beforeHooks": [],
      "afterHooks": [],
      "tests": [],
      "suites": [
        {
          "uuid": "e56176f3-3682-48b3-836e-3fa17bcefcd0",
          "title": "Cypress Web Security",
          "fullFile": "",
          "file": "",
          "beforeHooks": [],
          "afterHooks": [],
          "tests": [
            {
              "title": "Validate visiting two different domains",
              "fullTitle": "Cypress Web Security Validate visiting two different domains",
              "timedOut": null,
              "duration": 0,
              "state": "pending",
              "speed": null,
              "pass": false,
              "fail": false,
              "pending": true,
              "context": null,
              "code": "cy.visit('http://www.webdriveruniversity.com/');\ncy.visit('https://www.google.com/');",
              "err": {},
              "uuid": "a49b201e-0535-4414-abd9-4101b0383e1c",
              "parentUUID": "e56176f3-3682-48b3-836e-3fa17bcefcd0",
              "isHook": false,
              "skipped": false
            },
            {
              "title": "Validate visiting two different domains via user actions",
              "fullTitle": "Cypress Web Security Validate visiting two different domains via user actions",
              "timedOut": null,
              "duration": 0,
              "state": "pending",
              "speed": null,
              "pass": false,
              "fail": false,
              "pending": true,
              "context": null,
              "code": "cy.visit('http://www.webdriveruniversity.com/');\ncy.get('#automation-test-store').invoke('removeAttr', 'target').click();",
              "err": {},
              "uuid": "7e248129-1ecb-4989-9924-44a0b8a8159b",
              "parentUUID": "e56176f3-3682-48b3-836e-3fa17bcefcd0",
              "isHook": false,
              "skipped": false
            },
            {
              "title": "Origin commmand",
              "fullTitle": "Cypress Web Security Origin commmand",
              "timedOut": null,
              "duration": 4913,
              "state": "passed",
              "speed": "fast",
              "pass": true,
              "fail": false,
              "pending": false,
              "context": null,
              "code": "// cy.origin('webdriveruniversity.com', () => {\n//     cy.visit('/');\n// })\n// cy.origin('automationteststore.com', () => {\n//     cy.visit('/');\n// })\ncy.visit('http://www.webdriveruniversity.com/');\ncy.visit('http://www.selectors.webdriveruniversity.com/');",
              "err": {},
              "uuid": "80655fb8-994b-4b99-ad33-f641904f4d4c",
              "parentUUID": "e56176f3-3682-48b3-836e-3fa17bcefcd0",
              "isHook": false,
              "skipped": false
            }
          ],
          "suites": [],
          "passes": [
            "80655fb8-994b-4b99-ad33-f641904f4d4c"
          ],
          "failures": [],
          "pending": [
            "a49b201e-0535-4414-abd9-4101b0383e1c",
            "7e248129-1ecb-4989-9924-44a0b8a8159b"
          ],
          "skipped": [],
          "duration": 4913,
          "root": false,
          "rootEmpty": false,
          "_timeout": 2000
        }
      ],
      "passes": [],
      "failures": [],
      "pending": [],
      "skipped": [],
      "duration": 0,
      "root": true,
      "rootEmpty": true,
      "_timeout": 2000
    },
    {
      "uuid": "651fc915-65ea-4599-9ebf-c49a8e841d3c",
      "title": "",
      "fullFile": "cypress\\e2e\\webdriver-uni\\autocomplete-dropdown-list.js",
      "file": "cypress\\e2e\\webdriver-uni\\autocomplete-dropdown-list.js",
      "beforeHooks": [],
      "afterHooks": [],
      "tests": [],
      "suites": [
        {
          "uuid": "6bd5b87b-7e2b-474e-963c-7db25e059493",
          "title": "Verify Autocomplete dropdown lists via webdriveruni",
          "fullFile": "",
          "file": "",
          "beforeHooks": [],
          "afterHooks": [],
          "tests": [
            {
              "title": "Select specific product via autocomplete list",
              "fullTitle": "Verify Autocomplete dropdown lists via webdriveruni Select specific product via autocomplete list",
              "timedOut": null,
              "duration": 2719,
              "state": "passed",
              "speed": "fast",
              "pass": true,
              "fail": false,
              "pending": false,
              "context": null,
              "code": "cy.visit('http://www.webdriveruniversity.com');\ncy.get('#autocomplete-textfield').invoke('removeAttr', 'target').click({\n  force: true\n});\ncy.get('#myInput').type('A');\ncy.get('#myInputautocomplete-list>*').each(($el, index, $list) => {\n  const product = $el.text();\n  const productToSelect = 'Avacado';\n  if (product === productToSelect) {\n    $el.trigger('click');\n    cy.get('#submit-button').click();\n    cy.url().should('include', productToSelect);\n  }\n}).then(() => {\n  cy.get('#myInput').type('G');\n  cy.get('#myInputautocomplete-list>*').each(($el, index, $list) => {\n    const product = $el.text();\n    const productToSelect = 'Grapes';\n    if (product === productToSelect) {\n      $el.trigger('click');\n      cy.get('#submit-button').click();\n      cy.url().should('include', productToSelect);\n    }\n  });\n});",
              "err": {},
              "uuid": "73d362b3-6644-4d5a-b998-bd053eb57d53",
              "parentUUID": "6bd5b87b-7e2b-474e-963c-7db25e059493",
              "isHook": false,
              "skipped": false
            }
          ],
          "suites": [],
          "passes": [
            "73d362b3-6644-4d5a-b998-bd053eb57d53"
          ],
          "failures": [],
          "pending": [],
          "skipped": [],
          "duration": 2719,
          "root": false,
          "rootEmpty": false,
          "_timeout": 2000
        }
      ],
      "passes": [],
      "failures": [],
      "pending": [],
      "skipped": [],
      "duration": 0,
      "root": true,
      "rootEmpty": true,
      "_timeout": 2000
    },
    {
      "uuid": "8dbc9ba6-b45a-4c24-ad7a-8e53fb09be15",
      "title": "",
      "fullFile": "cypress\\e2e\\webdriver-uni\\browser-navigation.js",
      "file": "cypress\\e2e\\webdriver-uni\\browser-navigation.js",
      "beforeHooks": [],
      "afterHooks": [],
      "tests": [],
      "suites": [
        {
          "uuid": "1cbd273e-a618-4f42-ab0b-13dd17673005",
          "title": "Validate Webdriveruni homepage links",
          "fullFile": "",
          "file": "",
          "beforeHooks": [],
          "afterHooks": [],
          "tests": [
            {
              "title": "Confirm links redirect to the correct pages",
              "fullTitle": "Validate Webdriveruni homepage links Confirm links redirect to the correct pages",
              "timedOut": null,
              "duration": 7592,
              "state": "passed",
              "speed": "medium",
              "pass": true,
              "fail": false,
              "pending": false,
              "context": null,
              "code": "cy.visit('http://www.webdriveruniversity.com');\ncy.get('#contact-us').invoke('removeAttr', 'target').click({\n  force: true\n});\ncy.url().should('include', 'contactus');\ncy.go('back');\ncy.reload();\ncy.url().should('include', 'http://www.webdriveruniversity.com/');\n//cy.reload(true); //reload without using cache\ncy.go('forward');\ncy.url().should('include', 'contactus');\ncy.go('back');\ncy.get('#login-portal').invoke('removeAttr', 'target').click({\n  force: true\n});\ncy.url().should('include', 'Login-Portal');\ncy.go('back');\ncy.get('#to-do-list').invoke('removeAttr', 'target').click({\n  force: true\n});\ncy.url().should('include', 'To-Do-List');\ncy.go('back');",
              "err": {},
              "uuid": "7ef73c82-0ad1-40d3-bc6e-8d6fd052a480",
              "parentUUID": "1cbd273e-a618-4f42-ab0b-13dd17673005",
              "isHook": false,
              "skipped": false
            }
          ],
          "suites": [],
          "passes": [
            "7ef73c82-0ad1-40d3-bc6e-8d6fd052a480"
          ],
          "failures": [],
          "pending": [],
          "skipped": [],
          "duration": 7592,
          "root": false,
          "rootEmpty": false,
          "_timeout": 2000
        }
      ],
      "passes": [],
      "failures": [],
      "pending": [],
      "skipped": [],
      "duration": 0,
      "root": true,
      "rootEmpty": true,
      "_timeout": 2000
    },
    {
      "uuid": "e691d069-ea14-4ba9-b815-4f4bc0b7de96",
      "title": "",
      "fullFile": "cypress\\e2e\\webdriver-uni\\checkboxes.js",
      "file": "cypress\\e2e\\webdriver-uni\\checkboxes.js",
      "beforeHooks": [],
      "afterHooks": [],
      "tests": [],
      "suites": [
        {
          "uuid": "7d507235-1357-4b34-8e22-99de61e6177a",
          "title": "Verify checkboxes via webdriveruni",
          "fullFile": "",
          "file": "",
          "beforeHooks": [],
          "afterHooks": [],
          "tests": [
            {
              "title": "Check and validate checkbox",
              "fullTitle": "Verify checkboxes via webdriveruni Check and validate checkbox",
              "timedOut": null,
              "duration": 1489,
              "state": "passed",
              "speed": "fast",
              "pass": true,
              "fail": false,
              "pending": false,
              "context": null,
              "code": "//cy.get('#checkboxes > :nth-child(1) > input').check();\n//cy.get('#checkboxes > :nth-child(1) > input').check().should('be.checked');\ncy.get('#checkboxes > :nth-child(1) > input').as('option-1');\n//cy.get('@option-1').check();\ncy.get('@option-1').check().should('be.checked');",
              "err": {},
              "uuid": "fce71f30-fe3f-4480-9bac-b015f7282b37",
              "parentUUID": "7d507235-1357-4b34-8e22-99de61e6177a",
              "isHook": false,
              "skipped": false
            },
            {
              "title": "Uncheck and validate checkbox",
              "fullTitle": "Verify checkboxes via webdriveruni Uncheck and validate checkbox",
              "timedOut": null,
              "duration": 484,
              "state": "passed",
              "speed": "fast",
              "pass": true,
              "fail": false,
              "pending": false,
              "context": null,
              "code": "cy.get(':nth-child(5) > input').as('option-3');\ncy.get('@option-3').uncheck().should('not.be.checked');",
              "err": {},
              "uuid": "da8f49d2-3a91-4e85-abd2-46fc6f203f7c",
              "parentUUID": "7d507235-1357-4b34-8e22-99de61e6177a",
              "isHook": false,
              "skipped": false
            },
            {
              "title": "Check multiple checkboxes",
              "fullTitle": "Verify checkboxes via webdriveruni Check multiple checkboxes",
              "timedOut": null,
              "duration": 412,
              "state": "passed",
              "speed": "fast",
              "pass": true,
              "fail": false,
              "pending": false,
              "context": null,
              "code": "cy.get(\"input[type='checkbox']\").check([\"option-1\", \"option-2\", \"option-3\", \"option-4\"]).should('be.checked');",
              "err": {},
              "uuid": "b2024ec1-b978-406a-9b74-0192934b5213",
              "parentUUID": "7d507235-1357-4b34-8e22-99de61e6177a",
              "isHook": false,
              "skipped": false
            }
          ],
          "suites": [],
          "passes": [
            "fce71f30-fe3f-4480-9bac-b015f7282b37",
            "da8f49d2-3a91-4e85-abd2-46fc6f203f7c",
            "b2024ec1-b978-406a-9b74-0192934b5213"
          ],
          "failures": [],
          "pending": [],
          "skipped": [],
          "duration": 2385,
          "root": false,
          "rootEmpty": false,
          "_timeout": 2000
        }
      ],
      "passes": [],
      "failures": [],
      "pending": [],
      "skipped": [],
      "duration": 0,
      "root": true,
      "rootEmpty": true,
      "_timeout": 2000
    },
    {
      "uuid": "1e08ac2a-6576-4097-a849-d9130af02a47",
      "title": "",
      "fullFile": "cypress\\e2e\\webdriver-uni\\contact-us.js",
      "file": "cypress\\e2e\\webdriver-uni\\contact-us.js",
      "beforeHooks": [],
      "afterHooks": [],
      "tests": [],
      "suites": [
        {
          "uuid": "62a4c5c5-746e-47cf-905a-2e4979129d9c",
          "title": "Test Contact Us form via WebdriverUni",
          "fullFile": "",
          "file": "",
          "beforeHooks": [],
          "afterHooks": [],
          "tests": [
            {
              "title": "Should be able to submit a successfull submission via contact us form",
              "fullTitle": "Test Contact Us form via WebdriverUni Should be able to submit a successfull submission via contact us form",
              "timedOut": null,
              "duration": 4577,
              "state": "passed",
              "speed": "fast",
              "pass": true,
              "fail": false,
              "pending": false,
              "context": null,
              "code": "cy.document().should('have.a.property', 'charset').and('eq', 'UTF-8');\ncy.title().should('include', 'WebDriver | Contact Us');\ncy.url().should('include', 'contactus');\ncontact_Us_PO.contactForm_Submission(Cypress.env('first_name'), data.last_name, data.email, \"Hello from the other side!\", 'h1', 'Thank You for your Message!');",
              "err": {},
              "uuid": "f3d15467-0543-4678-abae-7f83d05a5738",
              "parentUUID": "62a4c5c5-746e-47cf-905a-2e4979129d9c",
              "isHook": false,
              "skipped": false
            },
            {
              "title": "Should not be able to submit a successfull submission via contact us form as all fields are required",
              "fullTitle": "Test Contact Us form via WebdriverUni Should not be able to submit a successfull submission via contact us form as all fields are required",
              "timedOut": null,
              "duration": 2072,
              "state": "passed",
              "speed": "fast",
              "pass": true,
              "fail": false,
              "pending": false,
              "context": null,
              "code": "//negative scenario\ncontact_Us_PO.contactForm_Submission(data.first_name, data.last_name, ' ', 'Hello from the other side!Again!', 'body', 'Error: Invalid email address');",
              "err": {},
              "uuid": "1a94573e-7512-4be8-a488-64141e056dd9",
              "parentUUID": "62a4c5c5-746e-47cf-905a-2e4979129d9c",
              "isHook": false,
              "skipped": false
            }
          ],
          "suites": [],
          "passes": [
            "f3d15467-0543-4678-abae-7f83d05a5738",
            "1a94573e-7512-4be8-a488-64141e056dd9"
          ],
          "failures": [],
          "pending": [],
          "skipped": [],
          "duration": 6649,
          "root": false,
          "rootEmpty": false,
          "_timeout": 2000
        }
      ],
      "passes": [],
      "failures": [],
      "pending": [],
      "skipped": [],
      "duration": 0,
      "root": true,
      "rootEmpty": true,
      "_timeout": 2000
    },
    {
      "uuid": "dd67bb8a-ad4b-4b76-bfbd-ae6c4ab46d7a",
      "title": "",
      "fullFile": "cypress\\e2e\\webdriver-uni\\data-tables.js",
      "file": "cypress\\e2e\\webdriver-uni\\data-tables.js",
      "beforeHooks": [],
      "afterHooks": [],
      "tests": [],
      "suites": [
        {
          "uuid": "31a7e478-a1af-4079-930b-1ccea041ff3e",
          "title": "Handling data via webdriveruni",
          "fullFile": "",
          "file": "",
          "beforeHooks": [],
          "afterHooks": [],
          "tests": [
            {
              "title": "Calculate and assert the total age of all users",
              "fullTitle": "Handling data via webdriveruni Calculate and assert the total age of all users",
              "timedOut": null,
              "duration": 1923,
              "state": "passed",
              "speed": "fast",
              "pass": true,
              "fail": false,
              "pending": false,
              "context": null,
              "code": "var userDetails = [];\nlet number = 0;\ncy.get('#thumbnail-1 td').each(($el, index, $list) => {\n  userDetails[index] = $el.text();\n}).then(() => {\n  var i;\n  for (i = 0; i < userDetails.length; i++) {\n    if (Number(userDetails[i])) {\n      //ako je vrednost celije broj, onda ga dodaj u number var\n      number += Number(userDetails[i]);\n    }\n  }\n  cy.log(\"Found total age \" + number);\n  expect(number).to.eq(322);\n});",
              "err": {},
              "uuid": "d3045bf7-b8b0-470d-8804-b7b1e3f0b1c3",
              "parentUUID": "31a7e478-a1af-4079-930b-1ccea041ff3e",
              "isHook": false,
              "skipped": false
            },
            {
              "title": "Calculate and assert the age of a given user based on last name",
              "fullTitle": "Handling data via webdriveruni Calculate and assert the age of a given user based on last name",
              "timedOut": null,
              "duration": 346,
              "state": "passed",
              "speed": "fast",
              "pass": true,
              "fail": false,
              "pending": false,
              "context": null,
              "code": "cy.get('#thumbnail-1 tr td:nth-child(2)').each(($el, index, $list) => {\n  const text = $el.text();\n  if (text.includes(\"Woods\")) {\n    cy.get('#thumbnail-1 tr td:nth-child(2)').eq(index).next().then(function (age) {\n      const userAge = age.text();\n      expect(userAge).to.equal(\"80\");\n    });\n  }\n});",
              "err": {},
              "uuid": "841541d8-4b44-4da7-b600-f609b14b75f6",
              "parentUUID": "31a7e478-a1af-4079-930b-1ccea041ff3e",
              "isHook": false,
              "skipped": false
            }
          ],
          "suites": [],
          "passes": [
            "d3045bf7-b8b0-470d-8804-b7b1e3f0b1c3",
            "841541d8-4b44-4da7-b600-f609b14b75f6"
          ],
          "failures": [],
          "pending": [],
          "skipped": [],
          "duration": 2269,
          "root": false,
          "rootEmpty": false,
          "_timeout": 2000
        }
      ],
      "passes": [],
      "failures": [],
      "pending": [],
      "skipped": [],
      "duration": 0,
      "root": true,
      "rootEmpty": true,
      "_timeout": 2000
    },
    {
      "uuid": "d075e4a6-7610-471c-a22c-b004fddf7f87",
      "title": "",
      "fullFile": "cypress\\e2e\\webdriver-uni\\datepicker.js",
      "file": "cypress\\e2e\\webdriver-uni\\datepicker.js",
      "beforeHooks": [],
      "afterHooks": [],
      "tests": [],
      "suites": [
        {
          "uuid": "9dbe6890-3671-4ba7-917d-c5b6eacf1b1a",
          "title": "Test Datepicker via webdriveruni",
          "fullFile": "",
          "file": "",
          "beforeHooks": [],
          "afterHooks": [],
          "tests": [
            {
              "title": "Select date from the datepicker",
              "fullTitle": "Test Datepicker via webdriveruni Select date from the datepicker",
              "timedOut": null,
              "duration": 2590,
              "state": "passed",
              "speed": "fast",
              "pass": true,
              "fail": false,
              "pending": false,
              "context": null,
              "code": "cy.visit('/');\ncy.get('#datepicker').invoke('removeAttr', 'target').click({\n  force: true\n});\ncy.get('#datepicker').click();\n//   let date = new Date();\n//   date.setDate(date.getDate()) // get current date i.e. 23\n//   cy.log(date.getDate());\n//   let date2 = new Date();\n//   date2.setDate(date2.getDate() + 5);\n//   cy.log(date2.getDate()) ;   //get current day i.e. 23 + 5 = 28\nvar date = new Date();\ndate.setDate(date.getDate() + 39); //24 ovo nam je sad danasnji datum (sa +360)\nvar futureYear = date.getFullYear(); //current year; 365 days\nvar futureMonth = date.toLocaleString(\"default\", {\n  month: 'long'\n}); //formatira mesec\nvar futureDay = date.getDate();\ncy.log(\"Future year to select: \" + futureYear);\ncy.log(\"Future month to select: \" + futureMonth);\ncy.log(\"Future day to select: \" + futureDay);\nfunction selectMonthAndYear() {\n  cy.get('.datepicker-dropdown').find('.datepicker-switch').first().then(currentDate => {\n    if (!currentDate.text().includes(futureYear)) {\n      //ako danasnji datum koji smo selektovali nije isti sa FutureYear()\n      cy.get('.next').first().click();\n      //klikni na next i klikci sve dok ne dodje do Future year\n      selectMonthAndYear(); //kao loop\n    }\n  }).then(() => {\n    cy.get('.datepicker-dropdown').find('.datepicker-switch').first().then(currentDate => {\n      if (!currentDate.text().includes(futureMonth)) {\n        cy.get('.next').first().click();\n        selectMonthAndYear(); //kao loop\n      }\n    });\n  });\n}\nfunction selectFutureDay() {\n  cy.get(\"[class='day']\").contains(futureDay).click();\n}\nselectMonthAndYear();\nselectFutureDay();",
              "err": {},
              "uuid": "c7d6394f-99e5-4f04-bc5b-4b452c40d9b0",
              "parentUUID": "9dbe6890-3671-4ba7-917d-c5b6eacf1b1a",
              "isHook": false,
              "skipped": false
            }
          ],
          "suites": [],
          "passes": [
            "c7d6394f-99e5-4f04-bc5b-4b452c40d9b0"
          ],
          "failures": [],
          "pending": [],
          "skipped": [],
          "duration": 2590,
          "root": false,
          "rootEmpty": false,
          "_timeout": 2000
        }
      ],
      "passes": [],
      "failures": [],
      "pending": [],
      "skipped": [],
      "duration": 0,
      "root": true,
      "rootEmpty": true,
      "_timeout": 2000
    },
    {
      "uuid": "182c892f-6d34-4c63-aadc-1526d9f7ec3e",
      "title": "",
      "fullFile": "cypress\\e2e\\webdriver-uni\\file-upload.js",
      "file": "cypress\\e2e\\webdriver-uni\\file-upload.js",
      "beforeHooks": [],
      "afterHooks": [],
      "tests": [],
      "suites": [
        {
          "uuid": "9cf4c218-ca0f-463d-bb3c-557be56d378e",
          "title": "Test File Upload via WebdriverUni",
          "fullFile": "",
          "file": "",
          "beforeHooks": [],
          "afterHooks": [],
          "tests": [
            {
              "title": "Upload a file...",
              "fullTitle": "Test File Upload via WebdriverUni Upload a file...",
              "timedOut": null,
              "duration": 1207,
              "state": "passed",
              "speed": "fast",
              "pass": true,
              "fail": false,
              "pending": false,
              "context": null,
              "code": "cy.visit('http://www.webdriveruniversity.com');\ncy.get('#file-upload').invoke('removeAttr', 'target').click({\n  force: true\n});\ncy.get('#myFile').selectFile('cypress/fixtures/laptop.png');\ncy.get('#submit-button').click();",
              "err": {},
              "uuid": "8fb2fc0f-29d1-41f8-b517-e058f2f4e6d5",
              "parentUUID": "9cf4c218-ca0f-463d-bb3c-557be56d378e",
              "isHook": false,
              "skipped": false
            },
            {
              "title": "Upload No file...",
              "fullTitle": "Test File Upload via WebdriverUni Upload No file...",
              "timedOut": null,
              "duration": 434,
              "state": "passed",
              "speed": "fast",
              "pass": true,
              "fail": false,
              "pending": false,
              "context": null,
              "code": "cy.visit('http://www.webdriveruniversity.com');\ncy.get('#file-upload').invoke('removeAttr', 'target').click({\n  force: true\n});\ncy.get(\"#submit-button\").click();",
              "err": {},
              "uuid": "471ec8a9-3c10-4a01-a9b0-190db5f689e9",
              "parentUUID": "9cf4c218-ca0f-463d-bb3c-557be56d378e",
              "isHook": false,
              "skipped": false
            }
          ],
          "suites": [],
          "passes": [
            "8fb2fc0f-29d1-41f8-b517-e058f2f4e6d5",
            "471ec8a9-3c10-4a01-a9b0-190db5f689e9"
          ],
          "failures": [],
          "pending": [],
          "skipped": [],
          "duration": 1641,
          "root": false,
          "rootEmpty": false,
          "_timeout": 2000
        }
      ],
      "passes": [],
      "failures": [],
      "pending": [],
      "skipped": [],
      "duration": 0,
      "root": true,
      "rootEmpty": true,
      "_timeout": 2000
    },
    {
      "uuid": "23bd4984-b46e-4f70-92d6-9002aed4a535",
      "title": "",
      "fullFile": "cypress\\e2e\\webdriver-uni\\iframe.js",
      "file": "cypress\\e2e\\webdriver-uni\\iframe.js",
      "beforeHooks": [],
      "afterHooks": [],
      "tests": [],
      "suites": [
        {
          "uuid": "cb8ccb40-5dd1-4d60-8fe0-e239a3745b85",
          "title": "Handling IFrame & Modals",
          "fullFile": "",
          "file": "",
          "beforeHooks": [],
          "afterHooks": [],
          "tests": [
            {
              "title": "Handle webdriveruni iframe and modal",
              "fullTitle": "Handling IFrame & Modals Handle webdriveruni iframe and modal",
              "timedOut": null,
              "duration": 1652,
              "state": "passed",
              "speed": "fast",
              "pass": true,
              "fail": false,
              "pending": false,
              "context": null,
              "code": "cy.visit('/');\ncy.get('#iframe').invoke('removeAttr', 'target').click({\n  force: true\n});\ncy.get('#frame').then($iframe => {\n  //nadji frame element, $frame je ono sto ima u njemu\n  //moze da se zove kako oces,\n  const body = $iframe.contents().find('body'); //napravi konstantu \n  //metodom contents nadji el body u frame-u\n  cy.wrap(body).as('iframe');\n  //obmotaj konstantu (body iz frame-a) da bi cypress mogao da je koristi pod nazivom @iframe\n});\ncy.get('@iframe').find('#button-find-out-more').click();\ncy.get('@iframe').find('#myModal').as('modal');\ncy.get('@modal').should($expectedText => {\n  //nadji element i proveri\n  const text = $expectedText.text();\n  //sve iz elementa stavi u konstantu i izvuci text odatle\n  expect(text).to.include('Welcome to webdriveruniversity.com we sell a wide range of electrical goods');\n  //da li taj tekst ukljucuje prosledjeni tekst?\n});\ncy.get('@modal').contains('Close').click();",
              "err": {},
              "uuid": "c67b8903-61c5-4de7-b4e8-6682278d6ded",
              "parentUUID": "cb8ccb40-5dd1-4d60-8fe0-e239a3745b85",
              "isHook": false,
              "skipped": false
            }
          ],
          "suites": [],
          "passes": [
            "c67b8903-61c5-4de7-b4e8-6682278d6ded"
          ],
          "failures": [],
          "pending": [],
          "skipped": [],
          "duration": 1652,
          "root": false,
          "rootEmpty": false,
          "_timeout": 2000
        }
      ],
      "passes": [],
      "failures": [],
      "pending": [],
      "skipped": [],
      "duration": 0,
      "root": true,
      "rootEmpty": true,
      "_timeout": 2000
    },
    {
      "uuid": "2cad5d6d-ccf0-4422-a715-7e9fcdbbed3e",
      "title": "",
      "fullFile": "cypress\\e2e\\webdriver-uni\\js-alerts.js",
      "file": "cypress\\e2e\\webdriver-uni\\js-alerts.js",
      "beforeHooks": [],
      "afterHooks": [],
      "tests": [],
      "suites": [
        {
          "uuid": "a23750cc-eabe-42be-816d-51e307de440f",
          "title": "Handle js alerts",
          "fullFile": "",
          "file": "",
          "beforeHooks": [],
          "afterHooks": [],
          "tests": [
            {
              "title": "Validate js confirm alert box using stub",
              "fullTitle": "Handle js alerts Validate js confirm alert box using stub",
              "timedOut": null,
              "duration": 2012,
              "state": "passed",
              "speed": "fast",
              "pass": true,
              "fail": false,
              "pending": false,
              "context": null,
              "code": "cy.visit('http://www.webdriveruniversity.com');\ncy.get('#popup-alerts').invoke('removeAttr', 'target').click({\n  force: true\n});\n//pre klika na alert, uvodimo stub u konstantu\nconst stub = cy.stub();\ncy.on('window:confirm', stub);\ncy.get('#button4').click().then(() => {\n  expect(stub.getCall(0)).to.be.calledWith('Press a button!');\n  //stub je kao storage i setujemo ga na 0 jer nemamo nista u pocetku - getCall(),\n  //0 je indeks, prvi indeks a ne empty, i odnosi se na jedan event\n  //znaci ocekujemo da storage ima prvi element sa value 'Press a button'\n}).then(() => {\n  return true; //i kad je true i false isto vraca - nije dobro\n}).then(() => {\n  cy.get('#confirm-alert-text').contains('You pressed OK!');\n});",
              "err": {},
              "uuid": "a6d8a219-8f9f-44e4-8162-8e77b5107578",
              "parentUUID": "a23750cc-eabe-42be-816d-51e307de440f",
              "isHook": false,
              "skipped": false
            }
          ],
          "suites": [],
          "passes": [
            "a6d8a219-8f9f-44e4-8162-8e77b5107578"
          ],
          "failures": [],
          "pending": [],
          "skipped": [],
          "duration": 2012,
          "root": false,
          "rootEmpty": false,
          "_timeout": 2000
        }
      ],
      "passes": [],
      "failures": [],
      "pending": [],
      "skipped": [],
      "duration": 0,
      "root": true,
      "rootEmpty": true,
      "_timeout": 2000
    },
    {
      "uuid": "347caa50-0ae1-4e75-9d49-8f7a7e2fd2b3",
      "title": "",
      "fullFile": "cypress\\e2e\\webdriver-uni\\mouse-actions.js",
      "file": "cypress\\e2e\\webdriver-uni\\mouse-actions.js",
      "beforeHooks": [],
      "afterHooks": [],
      "tests": [],
      "suites": [
        {
          "uuid": "28a15d16-201d-4607-9d15-cb73a1717cbc",
          "title": "Test mouse actions",
          "fullFile": "",
          "file": "",
          "beforeHooks": [],
          "afterHooks": [],
          "tests": [
            {
              "title": "I should be able to hold down the left mouse click button on a given element",
              "fullTitle": "Test mouse actions I should be able to hold down the left mouse click button on a given element",
              "timedOut": null,
              "duration": 1539,
              "state": "passed",
              "speed": "fast",
              "pass": true,
              "fail": false,
              "pending": false,
              "context": null,
              "code": "cy.visit('http://www.webdriveruniversity.com');\ncy.get('#actions').scrollIntoView().invoke('removeAttr', 'target').click({\n  force: true\n});\ncy.get('#click-box').trigger('mousedown', {\n  which: 1\n}).then($element => {\n  expect($element).to.have.css('background-color', 'rgb(0, 255, 0)');\n});",
              "err": {},
              "uuid": "b787c26a-7896-4e34-bece-9c42a52505cb",
              "parentUUID": "28a15d16-201d-4607-9d15-cb73a1717cbc",
              "isHook": false,
              "skipped": false
            }
          ],
          "suites": [],
          "passes": [
            "b787c26a-7896-4e34-bece-9c42a52505cb"
          ],
          "failures": [],
          "pending": [],
          "skipped": [],
          "duration": 1539,
          "root": false,
          "rootEmpty": false,
          "_timeout": 2000
        }
      ],
      "passes": [],
      "failures": [],
      "pending": [],
      "skipped": [],
      "duration": 0,
      "root": true,
      "rootEmpty": true,
      "_timeout": 2000
    },
    {
      "uuid": "404deea2-9014-4a7d-804c-50a0b45a1f00",
      "title": "",
      "fullFile": "cypress\\e2e\\webdriver-uni\\radio-buttons.js",
      "file": "cypress\\e2e\\webdriver-uni\\radio-buttons.js",
      "beforeHooks": [],
      "afterHooks": [],
      "tests": [],
      "suites": [
        {
          "uuid": "758c7d21-8b44-4a21-aa50-4fa9bc4b0f46",
          "title": "Verify radio buttons via webdriveruni",
          "fullFile": "",
          "file": "",
          "beforeHooks": [],
          "afterHooks": [],
          "tests": [
            {
              "title": "Check specific radio buttons",
              "fullTitle": "Verify radio buttons via webdriveruni Check specific radio buttons",
              "timedOut": null,
              "duration": 2283,
              "state": "passed",
              "speed": "fast",
              "pass": true,
              "fail": false,
              "pending": false,
              "context": null,
              "code": "cy.get('#radio-buttons').find(\"[type='radio']\").first().check();\ncy.get('#radio-buttons').find(\"[type='radio']\").eq(1).check();",
              "err": {},
              "uuid": "4a0e8f1a-5f1d-438b-bf14-985a890196b0",
              "parentUUID": "758c7d21-8b44-4a21-aa50-4fa9bc4b0f46",
              "isHook": false,
              "skipped": false
            },
            {
              "title": "Validate the states of specific radio buttons",
              "fullTitle": "Verify radio buttons via webdriveruni Validate the states of specific radio buttons",
              "timedOut": null,
              "duration": 111,
              "state": "passed",
              "speed": "fast",
              "pass": true,
              "fail": false,
              "pending": false,
              "context": null,
              "code": "cy.get('[value=\"lettuce\"]').should('not.be.checked');\ncy.get('[value=\"pumpkin\"]').should('be.checked');\n// [value=\"cabbage\"]\n// [value=\"pumpkin\"]\ncy.get('[value=\"lettuce\"]').check();\ncy.get('[value=\"lettuce\"]').should('be.checked');\ncy.get('[value=\"pumpkin\"]').should('not.be.checked');\ncy.get('[value=\"cabbage\"]').should('be.disabled');",
              "err": {},
              "uuid": "aa078495-5be0-4b7d-b601-99e357177907",
              "parentUUID": "758c7d21-8b44-4a21-aa50-4fa9bc4b0f46",
              "isHook": false,
              "skipped": false
            }
          ],
          "suites": [],
          "passes": [
            "4a0e8f1a-5f1d-438b-bf14-985a890196b0",
            "aa078495-5be0-4b7d-b601-99e357177907"
          ],
          "failures": [],
          "pending": [],
          "skipped": [],
          "duration": 2394,
          "root": false,
          "rootEmpty": false,
          "_timeout": 2000
        }
      ],
      "passes": [],
      "failures": [],
      "pending": [],
      "skipped": [],
      "duration": 0,
      "root": true,
      "rootEmpty": true,
      "_timeout": 2000
    },
    {
      "uuid": "1f6c0fae-a665-4e8e-9cf9-61e7ba164587",
      "title": "",
      "fullFile": "cypress\\e2e\\webdriver-uni\\select-dropdown-list.js",
      "file": "cypress\\e2e\\webdriver-uni\\select-dropdown-list.js",
      "beforeHooks": [],
      "afterHooks": [],
      "tests": [],
      "suites": [
        {
          "uuid": "d8b9b3e0-249d-4aa5-9aab-939a00d78c86",
          "title": "Interact with dropdown lists via webdriveruni",
          "fullFile": "",
          "file": "",
          "beforeHooks": [],
          "afterHooks": [],
          "tests": [
            {
              "title": "Select specific values via select dropdown lists",
              "fullTitle": "Interact with dropdown lists via webdriveruni Select specific values via select dropdown lists",
              "timedOut": null,
              "duration": 2804,
              "state": "passed",
              "speed": "fast",
              "pass": true,
              "fail": false,
              "pending": false,
              "context": null,
              "code": "cy.visit('http://www.webdriveruniversity.com');\ncy.get('#dropdown-checkboxes-radiobuttons').invoke('removeAttr', 'target').click({\n  force: true\n});\ncy.get('#dropdowm-menu-1').select('c#');\ncy.get('#dropdowm-menu-2').select('testng').should('have.value', 'testng');\ncy.get('#dropdowm-menu-3').select('JQuery').contains('JQuery'); //moze i preko value i preko teksta\ncy.get('#dropdowm-menu-2').select('maven').should('have.value', 'maven');\ncy.get('#dropdowm-menu-2').select('TestNG').contains('TestNG');",
              "err": {},
              "uuid": "b8634fa5-034b-4ea6-9ff3-57f03cabe761",
              "parentUUID": "d8b9b3e0-249d-4aa5-9aab-939a00d78c86",
              "isHook": false,
              "skipped": false
            }
          ],
          "suites": [],
          "passes": [
            "b8634fa5-034b-4ea6-9ff3-57f03cabe761"
          ],
          "failures": [],
          "pending": [],
          "skipped": [],
          "duration": 2804,
          "root": false,
          "rootEmpty": false,
          "_timeout": 2000
        }
      ],
      "passes": [],
      "failures": [],
      "pending": [],
      "skipped": [],
      "duration": 0,
      "root": true,
      "rootEmpty": true,
      "_timeout": 2000
    },
    {
      "uuid": "0ea00cac-c474-4cf0-bdd4-3e04ce6e330f",
      "title": "",
      "fullFile": "cypress\\e2e\\webdriver-uni\\selectors.js",
      "file": "cypress\\e2e\\webdriver-uni\\selectors.js",
      "beforeHooks": [],
      "afterHooks": [],
      "tests": [],
      "suites": [
        {
          "uuid": "a9c7efc4-4fc0-42ee-bc56-ba5c4accdd75",
          "title": "Selector examples",
          "fullFile": "",
          "file": "",
          "beforeHooks": [],
          "afterHooks": [],
          "tests": [
            {
              "title": "Examples of selectors via WebdriverUni Contact Us Page",
              "fullTitle": "Selector examples Examples of selectors via WebdriverUni Contact Us Page",
              "timedOut": null,
              "duration": 716,
              "state": "passed",
              "speed": "fast",
              "pass": true,
              "fail": false,
              "pending": false,
              "context": null,
              "code": "cy.visit(\"http://www.webdriveruniversity.com/Contact-Us/contactus.html\");\n//By tag name\ncy.get(\"input\");\n//By attribute name and value\ncy.get(\"input[name='first_name']\");\n//By id\ncy.get(\"#contact_me\");\n//By class\ncy.get(\".feedback-input\");\n//By multple classes\ncy.get(\"[class='navbar navbar-inverse navbar-fixed-top']\");\n//By two different attributes\ncy.get(\"[name='email'][placeholder='Email Address']\");\n//By Xpath\ncy.xpath(\"//input[@name='first_name']\");",
              "err": {},
              "uuid": "aab7bcd0-ec79-468d-8f1b-5ca35e221f43",
              "parentUUID": "a9c7efc4-4fc0-42ee-bc56-ba5c4accdd75",
              "isHook": false,
              "skipped": false
            }
          ],
          "suites": [],
          "passes": [
            "aab7bcd0-ec79-468d-8f1b-5ca35e221f43"
          ],
          "failures": [],
          "pending": [],
          "skipped": [],
          "duration": 716,
          "root": false,
          "rootEmpty": false,
          "_timeout": 2000
        }
      ],
      "passes": [],
      "failures": [],
      "pending": [],
      "skipped": [],
      "duration": 0,
      "root": true,
      "rootEmpty": true,
      "_timeout": 2000
    },
    {
      "uuid": "a17c07f5-0ed5-4203-a4f7-2acbc748232f",
      "title": "",
      "fullFile": "cypress\\e2e\\webdriver-uni\\traversing-elements.js",
      "file": "cypress\\e2e\\webdriver-uni\\traversing-elements.js",
      "beforeHooks": [],
      "afterHooks": [],
      "tests": [],
      "suites": [
        {
          "uuid": "f8b29a01-218e-4bbc-9804-49977fa07e22",
          "title": "Traversing DOM elements in Cypress",
          "fullFile": "",
          "file": "",
          "beforeHooks": [],
          "afterHooks": [],
          "tests": [
            {
              "title": "siblings() To get all sibling DOM elements of elements",
              "fullTitle": "Traversing DOM elements in Cypress siblings() To get all sibling DOM elements of elements",
              "timedOut": null,
              "duration": 2370,
              "state": "passed",
              "speed": "fast",
              "pass": true,
              "fail": false,
              "pending": false,
              "context": null,
              "code": "cy.get('.traversal-button-other-states .active').siblings().should('have.length', 3);",
              "err": {},
              "uuid": "fbe08b7e-2611-4b66-9fac-30caa7267b83",
              "parentUUID": "f8b29a01-218e-4bbc-9804-49977fa07e22",
              "isHook": false,
              "skipped": false
            }
          ],
          "suites": [],
          "passes": [
            "fbe08b7e-2611-4b66-9fac-30caa7267b83"
          ],
          "failures": [],
          "pending": [],
          "skipped": [],
          "duration": 2370,
          "root": false,
          "rootEmpty": false,
          "_timeout": 2000
        }
      ],
      "passes": [],
      "failures": [],
      "pending": [],
      "skipped": [],
      "duration": 0,
      "root": true,
      "rootEmpty": true,
      "_timeout": 2000
    },
    {
      "uuid": "ff615c61-00d4-4184-98c0-be4fd4ed3dfe",
      "title": "",
      "fullFile": "cypress\\e2e\\automation-test-store\\add-multiple-items-to-basket.js",
      "file": "cypress\\e2e\\automation-test-store\\add-multiple-items-to-basket.js",
      "beforeHooks": [],
      "afterHooks": [],
      "tests": [],
      "suites": [
        {
          "uuid": "756a1f58-1ba9-4c3d-bce6-4db6a6b53ef5",
          "title": "Add multiple items to basket",
          "fullFile": "",
          "file": "",
          "beforeHooks": [],
          "afterHooks": [],
          "tests": [
            {
              "title": "Add specific items to basket",
              "fullTitle": "Add multiple items to basket Add specific items to basket",
              "timedOut": null,
              "duration": 3358,
              "state": "passed",
              "speed": "fast",
              "pass": true,
              "fail": false,
              "pending": false,
              "context": null,
              "code": "autoStore_HairCare_PO.addHairCareProductsToBasket();",
              "err": {},
              "uuid": "2789eee1-1ad8-4a03-8db5-dc67f276e3b9",
              "parentUUID": "756a1f58-1ba9-4c3d-bce6-4db6a6b53ef5",
              "isHook": false,
              "skipped": false
            }
          ],
          "suites": [],
          "passes": [
            "2789eee1-1ad8-4a03-8db5-dc67f276e3b9"
          ],
          "failures": [],
          "pending": [],
          "skipped": [],
          "duration": 3358,
          "root": false,
          "rootEmpty": false,
          "_timeout": 2000
        }
      ],
      "passes": [],
      "failures": [],
      "pending": [],
      "skipped": [],
      "duration": 0,
      "root": true,
      "rootEmpty": true,
      "_timeout": 2000
    }
  ],
  "meta": {
    "mocha": {
      "version": "7.0.1"
    },
    "mochawesome": {
      "options": {
        "quiet": false,
        "reportFilename": "mochawesome",
        "saveHtml": false,
        "saveJson": true,
        "consoleReporter": "spec",
        "useInlineDiffs": false,
        "code": true
      },
      "version": "7.1.3"
    },
    "marge": {
      "options": {
        "id": "default",
        "reportDir": "cypress/results/mochawesome",
        "quite": true,
        "overwrite": false,
        "html": false,
        "json": true
      },
      "version": "6.2.0"
    }
  }
}